app/build/outputs/logs/manifest-merger-debug-report.txt
-- Merging decision tree log ---
manifest
ADDED from src\main\AndroidManifest.xml:2:1-85:12
INJECTED from src\main\AndroidManifest.xml:2:1-85:12
INJECTED from src\main\AndroidManifest.xml:2:1-85:12
INJECTED from src\main\AndroidManifest.xml:2:1-85:12
MERGED from [com.android.support.test.uiautomator:uiautomator-v18:2.1.3] AndroidManifest.xml:17:1-22:12
MERGED from [com.google.android.gms:play-services-analytics:18.1.0] AndroidManifest.xml:2:1-21:12
MERGED from [com.android.support.test.espresso:espresso-core:2.2.2] AndroidManifest.xml:17:1-24:12
MERGED from [com.google.android.gms:play-services-tagmanager-v4-impl:18.1.0] AndroidManifest.xml:2:1-8:12
MERGED from [com.google.android.gms:play-services-analytics-impl:18.1.0] AndroidManifest.xml:2:1-16:12
MERGED from [com.google.android.gms:play-services-base:18.5.0] AndroidManifest.xml:2:1-7:12
MERGED from [com.google.android.gms:play-services-stats:17.1.0] AndroidManifest.xml:2:1-8:12
MERGED from [com.google.android.gms:play-services-ads-identifier:18.1.0] AndroidManifest.xml:2:1-11:12
MERGED from [com.google.android.gms:play-services-tasks:18.2.0] AndroidManifest.xml:2:1-5:12
MERGED from [com.google.android.gms:play-services-basement:18.4.0] AndroidManifest.xml:2:1-9:12
MERGED from [com.android.support.test:rules:0.5] AndroidManifest.xml:2:1-9:12
MERGED from [com.android.support.test:runner:0.5] AndroidManifest.xml:17:1-26:12
MERGED from [com.android.support.test.espresso:espresso-idling-resource:2.2.2] AndroidManifest.xml:17:1-26:12
MERGED from [androidx.fragment:fragment:1.1.0] AndroidManifest.xml:17:1-24:12
MERGED from [androidx.legacy:legacy-support-core-utils:1.0.0] AndroidManifest.xml:17:1-22:12
MERGED from [androidx.viewpager:viewpager:1.0.0] AndroidManifest.xml:17:1-22:12
MERGED from [androidx.loader:loader:1.0.0] AndroidManifest.xml:17:1-22:12
MERGED from [androidx.activity:activity:1.0.0] AndroidManifest.xml:17:1-24:12
MERGED from [androidx.customview:customview:1.0.0] AndroidManifest.xml:17:1-22:12
MERGED from [androidx.core:core:1.9.0] AndroidManifest.xml:17:1-30:12
MERGED from [androidx.versionedparcelable:versionedparcelable:1.1.1] AndroidManifest.xml:17:1-27:12
MERGED from [com.android.support.test:exposed-instrumentation-api-publish:0.5] AndroidManifest.xml:17:1-26:12
MERGED from [androidx.lifecycle:lifecycle-runtime:2.3.1] AndroidManifest.xml:17:1-24:12
MERGED from [androidx.documentfile:documentfile:1.0.0] AndroidManifest.xml:17:1-22:12
MERGED from [androidx.localbroadcastmanager:localbroadcastmanager:1.0.0] AndroidManifest.xml:17:1-22:12
MERGED from [androidx.print:print:1.0.0] AndroidManifest.xml:17:1-22:12
MERGED from [androidx.lifecycle:lifecycle-livedata:2.0.0] AndroidManifest.xml:17:1-22:12
MERGED from [androidx.lifecycle:lifecycle-livedata-core:2.0.0] AndroidManifest.xml:17:1-22:12
MERGED from [androidx.arch.core:core-runtime:2.1.0] AndroidManifest.xml:17:1-24:12
MERGED from [androidx.savedstate:savedstate:1.0.0] AndroidManifest.xml:17:1-24:12
MERGED from [androidx.lifecycle:lifecycle-viewmodel:2.1.0] AndroidManifest.xml:17:1-22:12
MERGED from [androidx.annotation:annotation-experimental:1.3.0] AndroidManifest.xml:17:1-22:12
	package
		ADDED from src\main\AndroidManifest.xml:3:7-46
		INJECTED from src\main\AndroidManifest.xml
	android:versionName
		ADDED from src\main\AndroidManifest.xml:5:5-36
		INJECTED from src\main\AndroidManifest.xml
	xmlns:android
		ADDED from src\main\AndroidManifest.xml:2:11-69
	android:versionCode
		ADDED from src\main\AndroidManifest.xml:4:5-29
		INJECTED from src\main\AndroidManifest.xml
uses-permission#android.permission.ACCESS_COARSE_LOCATION
ADDED from src\main\AndroidManifest.xml:7:5-81
	android:name
		ADDED from src\main\AndroidManifest.xml:7:22-78
uses-permission#android.permission.ACCESS_FINE_LOCATION
ADDED from src\main\AndroidManifest.xml:8:5-79
	android:name
		ADDED from src\main\AndroidManifest.xml:8:22-76
uses-permission#android.permission.INTERNET
ADDED from src\main\AndroidManifest.xml:9:5-67
MERGED from [com.google.android.gms:play-services-analytics:18.1.0] AndroidManifest.xml:7:5-67
MERGED from [com.google.android.gms:play-services-analytics:18.1.0] AndroidManifest.xml:7:5-67
MERGED from [com.google.android.gms:play-services-analytics-impl:18.1.0] AndroidManifest.xml:7:5-67
MERGED from [com.google.android.gms:play-services-analytics-impl:18.1.0] AndroidManifest.xml:7:5-67
	android:name
		ADDED from src\main\AndroidManifest.xml:9:22-64
uses-permission#android.permission.ACCESS_NETWORK_STATE
ADDED from src\main\AndroidManifest.xml:10:5-78
MERGED from [com.google.android.gms:play-services-analytics:18.1.0] AndroidManifest.xml:8:5-79
MERGED from [com.google.android.gms:play-services-analytics:18.1.0] AndroidManifest.xml:8:5-79
MERGED from [com.google.android.gms:play-services-analytics-impl:18.1.0] AndroidManifest.xml:8:5-79
MERGED from [com.google.android.gms:play-services-analytics-impl:18.1.0] AndroidManifest.xml:8:5-79
	android:name
		ADDED from src\main\AndroidManifest.xml:10:22-76
supports-screens
ADDED from src\main\AndroidManifest.xml:12:5-17:39
	android:largeScreens
		ADDED from src\main\AndroidManifest.xml:14:9-36
	android:smallScreens
		ADDED from src\main\AndroidManifest.xml:17:9-36
	android:normalScreens
		ADDED from src\main\AndroidManifest.xml:15:9-37
	android:resizeable
		ADDED from src\main\AndroidManifest.xml:16:9-34
	android:anyDensity
		ADDED from src\main\AndroidManifest.xml:13:9-34
application
ADDED from src\main\AndroidManifest.xml:19:5-84:19
INJECTED from src\main\AndroidManifest.xml:19:5-84:19
MERGED from [com.android.support.test.uiautomator:uiautomator-v18:2.1.3] AndroidManifest.xml:21:3-17
MERGED from [com.android.support.test.uiautomator:uiautomator-v18:2.1.3] AndroidManifest.xml:21:3-17
MERGED from [com.google.android.gms:play-services-analytics:18.1.0] AndroidManifest.xml:13:5-19:19
MERGED from [com.google.android.gms:play-services-analytics:18.1.0] AndroidManifest.xml:13:5-19:19
MERGED from [com.google.android.gms:play-services-tagmanager-v4-impl:18.1.0] AndroidManifest.xml:6:5-20
MERGED from [com.google.android.gms:play-services-tagmanager-v4-impl:18.1.0] AndroidManifest.xml:6:5-20
MERGED from [com.google.android.gms:play-services-analytics-impl:18.1.0] AndroidManifest.xml:14:5-20
MERGED from [com.google.android.gms:play-services-analytics-impl:18.1.0] AndroidManifest.xml:14:5-20
MERGED from [com.google.android.gms:play-services-base:18.5.0] AndroidManifest.xml:4:5-6:19
MERGED from [com.google.android.gms:play-services-base:18.5.0] AndroidManifest.xml:4:5-6:19
MERGED from [com.google.android.gms:play-services-stats:17.1.0] AndroidManifest.xml:6:5-20
MERGED from [com.google.android.gms:play-services-stats:17.1.0] AndroidManifest.xml:6:5-20
MERGED from [com.google.android.gms:play-services-ads-identifier:18.1.0] AndroidManifest.xml:9:5-20
MERGED from [com.google.android.gms:play-services-ads-identifier:18.1.0] AndroidManifest.xml:9:5-20
MERGED from [com.google.android.gms:play-services-tasks:18.2.0] AndroidManifest.xml:4:5-20
MERGED from [com.google.android.gms:play-services-tasks:18.2.0] AndroidManifest.xml:4:5-20
MERGED from [com.google.android.gms:play-services-basement:18.4.0] AndroidManifest.xml:5:5-7:19
MERGED from [com.google.android.gms:play-services-basement:18.4.0] AndroidManifest.xml:5:5-7:19
MERGED from [com.android.support.test:runner:0.5] AndroidManifest.xml:24:5-20
MERGED from [com.android.support.test:runner:0.5] AndroidManifest.xml:24:5-20
MERGED from [com.android.support.test.espresso:espresso-idling-resource:2.2.2] AndroidManifest.xml:24:5-20
MERGED from [com.android.support.test.espresso:espresso-idling-resource:2.2.2] AndroidManifest.xml:24:5-20
MERGED from [androidx.core:core:1.9.0] AndroidManifest.xml:28:5-89
MERGED from [androidx.core:core:1.9.0] AndroidManifest.xml:28:5-89
MERGED from [androidx.versionedparcelable:versionedparcelable:1.1.1] AndroidManifest.xml:24:5-25:19
MERGED from [androidx.versionedparcelable:versionedparcelable:1.1.1] AndroidManifest.xml:24:5-25:19
MERGED from [com.android.support.test:exposed-instrumentation-api-publish:0.5] AndroidManifest.xml:24:5-20
MERGED from [com.android.support.test:exposed-instrumentation-api-publish:0.5] AndroidManifest.xml:24:5-20
	android:extractNativeLibs
		INJECTED from src\main\AndroidManifest.xml
	android:appComponentFactory
		ADDED from [androidx.core:core:1.9.0] AndroidManifest.xml:28:18-86
	android:supportsRtl
		ADDED from src\main\AndroidManifest.xml:24:9-36
	android:label
		ADDED from src\main\AndroidManifest.xml:23:9-41
	android:configChanges
		ADDED from src\main\AndroidManifest.xml:21:9-39
	android:icon
		ADDED from src\main\AndroidManifest.xml:22:9-55
	android:theme
		ADDED from src\main\AndroidManifest.xml:25:9-50
	android:networkSecurityConfig
		ADDED from src\main\AndroidManifest.xml:27:9-69
	android:usesCleartextTraffic
		ADDED from src\main\AndroidManifest.xml:26:9-44
	android:name
		ADDED from src\main\AndroidManifest.xml:20:9-44
activity#com.porfirio.orariprocida2011.activities.OrariProcida2011Activity
ADDED from src\main\AndroidManifest.xml:28:9-81:20
	android:label
		ADDED from src\main\AndroidManifest.xml:30:13-45
	android:exported
		ADDED from src\main\AndroidManifest.xml:31:13-36
	android:name
		ADDED from src\main\AndroidManifest.xml:29:13-64
intent-filter#action:name:android.intent.action.MAIN+category:name:android.intent.category.LAUNCHER
ADDED from src\main\AndroidManifest.xml:32:13-35:29
action#android.intent.action.MAIN
ADDED from src\main\AndroidManifest.xml:33:17-69
	android:name
		ADDED from src\main\AndroidManifest.xml:33:25-66
category#android.intent.category.LAUNCHER
ADDED from src\main\AndroidManifest.xml:34:17-77
	android:name
		ADDED from src\main\AndroidManifest.xml:34:27-74
intent-filter#action:name:android.intent.action.VIEW+category:name:android.intent.category.BROWSABLE+category:name:android.intent.category.DEFAULT+data:host:www.unoprocidaresidente.com+data:scheme:http
ADDED from src\main\AndroidManifest.xml:36:13-46:29
action#android.intent.action.VIEW
ADDED from src\main\AndroidManifest.xml:37:17-69
	android:name
		ADDED from src\main\AndroidManifest.xml:37:25-66
category#android.intent.category.DEFAULT
ADDED from src\main\AndroidManifest.xml:39:17-76
	android:name
		ADDED from src\main\AndroidManifest.xml:39:27-73
category#android.intent.category.BROWSABLE
ADDED from src\main\AndroidManifest.xml:40:17-78
	android:name
		ADDED from src\main\AndroidManifest.xml:40:27-75
data
ADDED from src\main\AndroidManifest.xml:42:17-44:45
	android:host
		ADDED from src\main\AndroidManifest.xml:43:21-63
	android:scheme
		ADDED from src\main\AndroidManifest.xml:44:21-42
intent-filter#action:name:android.intent.action.VIEW+category:name:android.intent.category.BROWSABLE+category:name:android.intent.category.DEFAULT+data:host:www.unoprocidaresidente.it+data:scheme:http
ADDED from src\main\AndroidManifest.xml:47:13-57:29
intent-filter#action:name:android.intent.action.VIEW+category:name:android.intent.category.BROWSABLE+category:name:android.intent.category.DEFAULT+data:host:unoprocidaresidente.com+data:scheme:http
ADDED from src\main\AndroidManifest.xml:58:13-68:29
intent-filter#action:name:android.intent.action.VIEW+category:name:android.intent.category.BROWSABLE+category:name:android.intent.category.DEFAULT+data:host:unoprocidaresidente.it+data:scheme:http
ADDED from src\main\AndroidManifest.xml:69:13-79:29
uses-sdk
INJECTED from src\main\AndroidManifest.xml reason: use-sdk injection requested
INJECTED from src\main\AndroidManifest.xml
INJECTED from src\main\AndroidManifest.xml
MERGED from [com.android.support.test.uiautomator:uiautomator-v18:2.1.3] AndroidManifest.xml:19:3-41
MERGED from [com.android.support.test.uiautomator:uiautomator-v18:2.1.3] AndroidManifest.xml:19:3-41
MERGED from [com.google.android.gms:play-services-analytics:18.1.0] AndroidManifest.xml:4:5-44
MERGED from [com.google.android.gms:play-services-analytics:18.1.0] AndroidManifest.xml:4:5-44
MERGED from [com.android.support.test.espresso:espresso-core:2.2.2] AndroidManifest.xml:20:5-22:41
MERGED from [com.android.support.test.espresso:espresso-core:2.2.2] AndroidManifest.xml:20:5-22:41
MERGED from [com.google.android.gms:play-services-tagmanager-v4-impl:18.1.0] AndroidManifest.xml:4:5-44
MERGED from [com.google.android.gms:play-services-tagmanager-v4-impl:18.1.0] AndroidManifest.xml:4:5-44
MERGED from [com.google.android.gms:play-services-analytics-impl:18.1.0] AndroidManifest.xml:4:5-44
MERGED from [com.google.android.gms:play-services-analytics-impl:18.1.0] AndroidManifest.xml:4:5-44
MERGED from [com.google.android.gms:play-services-base:18.5.0] AndroidManifest.xml:3:5-44
MERGED from [com.google.android.gms:play-services-base:18.5.0] AndroidManifest.xml:3:5-44
MERGED from [com.google.android.gms:play-services-stats:17.1.0] AndroidManifest.xml:4:5-44
MERGED from [com.google.android.gms:play-services-stats:17.1.0] AndroidManifest.xml:4:5-44
MERGED from [com.google.android.gms:play-services-ads-identifier:18.1.0] AndroidManifest.xml:4:5-44
MERGED from [com.google.android.gms:play-services-ads-identifier:18.1.0] AndroidManifest.xml:4:5-44
MERGED from [com.google.android.gms:play-services-tasks:18.2.0] AndroidManifest.xml:3:5-44
MERGED from [com.google.android.gms:play-services-tasks:18.2.0] AndroidManifest.xml:3:5-44
MERGED from [com.google.android.gms:play-services-basement:18.4.0] AndroidManifest.xml:3:5-44
MERGED from [com.google.android.gms:play-services-basement:18.4.0] AndroidManifest.xml:3:5-44
MERGED from [com.android.support.test:rules:0.5] AndroidManifest.xml:5:5-7:41
MERGED from [com.android.support.test:rules:0.5] AndroidManifest.xml:5:5-7:41
MERGED from [com.android.support.test:runner:0.5] AndroidManifest.xml:20:5-22:41
MERGED from [com.android.support.test:runner:0.5] AndroidManifest.xml:20:5-22:41
MERGED from [com.android.support.test.espresso:espresso-idling-resource:2.2.2] AndroidManifest.xml:20:5-22:41
MERGED from [com.android.support.test.espresso:espresso-idling-resource:2.2.2] AndroidManifest.xml:20:5-22:41
MERGED from [androidx.fragment:fragment:1.1.0] AndroidManifest.xml:20:5-22:41
MERGED from [androidx.fragment:fragment:1.1.0] AndroidManifest.xml:20:5-22:41
MERGED from [androidx.legacy:legacy-support-core-utils:1.0.0] AndroidManifest.xml:20:5-44
MERGED from [androidx.legacy:legacy-support-core-utils:1.0.0] AndroidManifest.xml:20:5-44
MERGED from [androidx.viewpager:viewpager:1.0.0] AndroidManifest.xml:20:5-44
MERGED from [androidx.viewpager:viewpager:1.0.0] AndroidManifest.xml:20:5-44
MERGED from [androidx.loader:loader:1.0.0] AndroidManifest.xml:20:5-44
MERGED from [androidx.loader:loader:1.0.0] AndroidManifest.xml:20:5-44
MERGED from [androidx.activity:activity:1.0.0] AndroidManifest.xml:20:5-22:41
MERGED from [androidx.activity:activity:1.0.0] AndroidManifest.xml:20:5-22:41
MERGED from [androidx.customview:customview:1.0.0] AndroidManifest.xml:20:5-44
MERGED from [androidx.customview:customview:1.0.0] AndroidManifest.xml:20:5-44
MERGED from [androidx.core:core:1.9.0] AndroidManifest.xml:20:5-44
MERGED from [androidx.core:core:1.9.0] AndroidManifest.xml:20:5-44
MERGED from [androidx.versionedparcelable:versionedparcelable:1.1.1] AndroidManifest.xml:20:5-22:41
MERGED from [androidx.versionedparcelable:versionedparcelable:1.1.1] AndroidManifest.xml:20:5-22:41
MERGED from [com.android.support.test:exposed-instrumentation-api-publish:0.5] AndroidManifest.xml:20:5-22:41
MERGED from [com.android.support.test:exposed-instrumentation-api-publish:0.5] AndroidManifest.xml:20:5-22:41
MERGED from [androidx.lifecycle:lifecycle-runtime:2.3.1] AndroidManifest.xml:20:5-22:41
MERGED from [androidx.lifecycle:lifecycle-runtime:2.3.1] AndroidManifest.xml:20:5-22:41
MERGED from [androidx.documentfile:documentfile:1.0.0] AndroidManifest.xml:20:5-44
MERGED from [androidx.documentfile:documentfile:1.0.0] AndroidManifest.xml:20:5-44
MERGED from [androidx.localbroadcastmanager:localbroadcastmanager:1.0.0] AndroidManifest.xml:20:5-44
MERGED from [androidx.localbroadcastmanager:localbroadcastmanager:1.0.0] AndroidManifest.xml:20:5-44
MERGED from [androidx.print:print:1.0.0] AndroidManifest.xml:20:5-44
MERGED from [androidx.print:print:1.0.0] AndroidManifest.xml:20:5-44
MERGED from [androidx.lifecycle:lifecycle-livedata:2.0.0] AndroidManifest.xml:20:5-44
MERGED from [androidx.lifecycle:lifecycle-livedata:2.0.0] AndroidManifest.xml:20:5-44
MERGED from [androidx.lifecycle:lifecycle-livedata-core:2.0.0] AndroidManifest.xml:20:5-44
MERGED from [androidx.lifecycle:lifecycle-livedata-core:2.0.0] AndroidManifest.xml:20:5-44
MERGED from [androidx.arch.core:core-runtime:2.1.0] AndroidManifest.xml:20:5-22:41
MERGED from [androidx.arch.core:core-runtime:2.1.0] AndroidManifest.xml:20:5-22:41
MERGED from [androidx.savedstate:savedstate:1.0.0] AndroidManifest.xml:20:5-22:41
MERGED from [androidx.savedstate:savedstate:1.0.0] AndroidManifest.xml:20:5-22:41
MERGED from [androidx.lifecycle:lifecycle-viewmodel:2.1.0] AndroidManifest.xml:20:5-44
MERGED from [androidx.lifecycle:lifecycle-viewmodel:2.1.0] AndroidManifest.xml:20:5-44
MERGED from [androidx.annotation:annotation-experimental:1.3.0] AndroidManifest.xml:20:5-44
MERGED from [androidx.annotation:annotation-experimental:1.3.0] AndroidManifest.xml:20:5-44
	android:targetSdkVersion
		INJECTED from src\main\AndroidManifest.xml
	android:minSdkVersion
		INJECTED from src\main\AndroidManifest.xml
uses-permission#android.permission.WAKE_LOCK
ADDED from [com.google.android.gms:play-services-analytics:18.1.0] AndroidManifest.xml:11:5-68
MERGED from [com.google.android.gms:play-services-analytics-impl:18.1.0] AndroidManifest.xml:11:5-68
MERGED from [com.google.android.gms:play-services-analytics-impl:18.1.0] AndroidManifest.xml:11:5-68
	android:name
		ADDED from [com.google.android.gms:play-services-analytics:18.1.0] AndroidManifest.xml:11:22-65
receiver#com.google.android.gms.analytics.AnalyticsReceiver
ADDED from [com.google.android.gms:play-services-analytics:18.1.0] AndroidManifest.xml:14:9-15:20
	android:enabled
		ADDED from [com.google.android.gms:play-services-analytics:18.1.0] AndroidManifest.xml:14:85-107
	android:exported
		ADDED from [com.google.android.gms:play-services-analytics:18.1.0] AndroidManifest.xml:14:108-132
	android:name
		ADDED from [com.google.android.gms:play-services-analytics:18.1.0] AndroidManifest.xml:14:19-84
service#com.google.android.gms.analytics.AnalyticsService
ADDED from [com.google.android.gms:play-services-analytics:18.1.0] AndroidManifest.xml:17:9-133
	android:enabled
		ADDED from [com.google.android.gms:play-services-analytics:18.1.0] AndroidManifest.xml:17:83-105
	android:exported
		ADDED from [com.google.android.gms:play-services-analytics:18.1.0] AndroidManifest.xml:17:106-130
	android:name
		ADDED from [com.google.android.gms:play-services-analytics:18.1.0] AndroidManifest.xml:17:18-82
service#com.google.android.gms.analytics.AnalyticsJobService
ADDED from [com.google.android.gms:play-services-analytics:18.1.0] AndroidManifest.xml:18:9-193
	android:enabled
		ADDED from [com.google.android.gms:play-services-analytics:18.1.0] AndroidManifest.xml:18:86-108
	android:exported
		ADDED from [com.google.android.gms:play-services-analytics:18.1.0] AndroidManifest.xml:18:109-133
	android:permission
		ADDED from [com.google.android.gms:play-services-analytics:18.1.0] AndroidManifest.xml:18:134-190
	android:name
		ADDED from [com.google.android.gms:play-services-analytics:18.1.0] AndroidManifest.xml:18:18-85
uses-permission#${applicationId}.DYNAMIC_RECEIVER_NOT_EXPORTED_PERMISSION
ADDED from [com.google.android.gms:play-services-analytics-impl:18.1.0] AndroidManifest.xml:12:5-97
MERGED from [androidx.core:core:1.9.0] AndroidManifest.xml:26:5-97
MERGED from [androidx.core:core:1.9.0] AndroidManifest.xml:26:5-97
	android:name
		ADDED from [com.google.android.gms:play-services-analytics-impl:18.1.0] AndroidManifest.xml:12:22-94
uses-permission#com.porfirio.orariprocida2011.DYNAMIC_RECEIVER_NOT_EXPORTED_PERMISSION
ADDED from [com.google.android.gms:play-services-analytics-impl:18.1.0] AndroidManifest.xml:12:5-97
MERGED from [androidx.core:core:1.9.0] AndroidManifest.xml:26:5-97
MERGED from [androidx.core:core:1.9.0] AndroidManifest.xml:26:5-97
	android:name
		ADDED from [com.google.android.gms:play-services-analytics-impl:18.1.0] AndroidManifest.xml:12:22-94
activity#com.google.android.gms.common.api.GoogleApiActivity
ADDED from [com.google.android.gms:play-services-base:18.5.0] AndroidManifest.xml:5:9-173
	android:exported
		ADDED from [com.google.android.gms:play-services-base:18.5.0] AndroidManifest.xml:5:146-170
	android:theme
		ADDED from [com.google.android.gms:play-services-base:18.5.0] AndroidManifest.xml:5:86-145
	android:name
		ADDED from [com.google.android.gms:play-services-base:18.5.0] AndroidManifest.xml:5:19-85
uses-permission#com.google.android.gms.permission.AD_ID
ADDED from [com.google.android.gms:play-services-ads-identifier:18.1.0] AndroidManifest.xml:7:5-79
	android:name
		ADDED from [com.google.android.gms:play-services-ads-identifier:18.1.0] AndroidManifest.xml:7:22-76
meta-data#com.google.android.gms.version
ADDED from [com.google.android.gms:play-services-basement:18.4.0] AndroidManifest.xml:6:9-122
	android:value
		ADDED from [com.google.android.gms:play-services-basement:18.4.0] AndroidManifest.xml:6:66-119
	android:name
		ADDED from [com.google.android.gms:play-services-basement:18.4.0] AndroidManifest.xml:6:20-65
permission#${applicationId}.DYNAMIC_RECEIVER_NOT_EXPORTED_PERMISSION
ADDED from [androidx.core:core:1.9.0] AndroidManifest.xml:22:5-24:47
	android:protectionLevel
		ADDED from [androidx.core:core:1.9.0] AndroidManifest.xml:24:9-44
	android:name
		ADDED from [androidx.core:core:1.9.0] AndroidManifest.xml:23:9-81
permission#com.porfirio.orariprocida2011.DYNAMIC_RECEIVER_NOT_EXPORTED_PERMISSION
ADDED from [androidx.core:core:1.9.0] AndroidManifest.xml:22:5-24:47
	android:protectionLevel
		ADDED from [androidx.core:core:1.9.0] AndroidManifest.xml:24:9-44
	android:name
		ADDED from [androidx.core:core:1.9.0] AndroidManifest.xml:23:9-81